Analysis & Synthesis report for mips
Fri Jan 19 23:48:10 2024
Quartus Prime Version 20.1.1 Build 720 11/11/2020 SJ Lite Edition


---------------------
; Table of Contents ;
---------------------
  1. Legal Notice
  2. Analysis & Synthesis Summary
  3. Analysis & Synthesis Settings
  4. Parallel Compilation
  5. Analysis & Synthesis Source Files Read
  6. Analysis & Synthesis Resource Usage Summary
  7. Analysis & Synthesis Resource Utilization by Entity
  8. General Register Statistics
  9. Port Connectivity Checks: "alu:alu1|mux8to1:mux"
 10. Port Connectivity Checks: "alu:alu1|sub:alu_sub"
 11. Port Connectivity Checks: "alu:alu1|adder:alu_adder"
 12. Port Connectivity Checks: "alu:alu1|less_than:alu_lt|sub:sub1|adder:adder1"
 13. Port Connectivity Checks: "alu:alu1|less_than:alu_lt|sub:sub1"
 14. Port Connectivity Checks: "adder:adder_shft_left_pc"
 15. Port Connectivity Checks: "adder:adder1|adder_16bits:adder_1|adder_4bits:adder4"
 16. Port Connectivity Checks: "adder:adder1|adder_16bits:adder_1|adder_4bits:adder3"
 17. Port Connectivity Checks: "adder:adder1|adder_16bits:adder_1|adder_4bits:adder2"
 18. Port Connectivity Checks: "adder:adder1|adder_16bits:adder_1|adder_4bits:adder1"
 19. Port Connectivity Checks: "adder:adder1"
 20. Port Connectivity Checks: "control_unit:cu"
 21. Post-Synthesis Netlist Statistics for Top Partition
 22. Elapsed Time Per Partition
 23. Analysis & Synthesis Messages
 24. Analysis & Synthesis Suppressed Messages



----------------
; Legal Notice ;
----------------
Copyright (C) 2020  Intel Corporation. All rights reserved.
Your use of Intel Corporation's design tools, logic functions 
and other software and tools, and any partner logic 
functions, and any output files from any of the foregoing 
(including device programming or simulation files), and any 
associated documentation or information are expressly subject 
to the terms and conditions of the Intel Program License 
Subscription Agreement, the Intel Quartus Prime License Agreement,
the Intel FPGA IP License Agreement, or other applicable license
agreement, including, without limitation, that your use is for
the sole purpose of programming logic devices manufactured by
Intel and sold by Intel or its authorized distributors.  Please
refer to the applicable agreement for further details, at
https://fpgasoftware.intel.com/eula.



+-------------------------------------------------------------------------------+
; Analysis & Synthesis Summary                                                  ;
+---------------------------------+---------------------------------------------+
; Analysis & Synthesis Status     ; Successful - Fri Jan 19 23:48:10 2024       ;
; Quartus Prime Version           ; 20.1.1 Build 720 11/11/2020 SJ Lite Edition ;
; Revision Name                   ; mips                                        ;
; Top-level Entity Name           ; mips                                        ;
; Family                          ; Cyclone V                                   ;
; Logic utilization (in ALMs)     ; N/A                                         ;
; Total registers                 ; 0                                           ;
; Total pins                      ; 1                                           ;
; Total virtual pins              ; 0                                           ;
; Total block memory bits         ; 0                                           ;
; Total DSP Blocks                ; 0                                           ;
; Total HSSI RX PCSs              ; 0                                           ;
; Total HSSI PMA RX Deserializers ; 0                                           ;
; Total HSSI TX PCSs              ; 0                                           ;
; Total HSSI PMA TX Serializers   ; 0                                           ;
; Total PLLs                      ; 0                                           ;
; Total DLLs                      ; 0                                           ;
+---------------------------------+---------------------------------------------+


+---------------------------------------------------------------------------------------------------------------------------+
; Analysis & Synthesis Settings                                                                                             ;
+---------------------------------------------------------------------------------+--------------------+--------------------+
; Option                                                                          ; Setting            ; Default Value      ;
+---------------------------------------------------------------------------------+--------------------+--------------------+
; Device                                                                          ; 5CGXFC7C7F23C8     ;                    ;
; Top-level entity name                                                           ; mips               ; mips               ;
; Family name                                                                     ; Cyclone V          ; Cyclone V          ;
; Use smart compilation                                                           ; Off                ; Off                ;
; Enable parallel Assembler and Timing Analyzer during compilation                ; On                 ; On                 ;
; Enable compact report table                                                     ; Off                ; Off                ;
; Restructure Multiplexers                                                        ; Auto               ; Auto               ;
; MLAB Add Timing Constraints For Mixed-Port Feed-Through Mode Setting Don't Care ; Off                ; Off                ;
; Create Debugging Nodes for IP Cores                                             ; Off                ; Off                ;
; Preserve fewer node names                                                       ; On                 ; On                 ;
; Intel FPGA IP Evaluation Mode                                                   ; Enable             ; Enable             ;
; Verilog Version                                                                 ; Verilog_2001       ; Verilog_2001       ;
; VHDL Version                                                                    ; VHDL_1993          ; VHDL_1993          ;
; State Machine Processing                                                        ; Auto               ; Auto               ;
; Safe State Machine                                                              ; Off                ; Off                ;
; Extract Verilog State Machines                                                  ; On                 ; On                 ;
; Extract VHDL State Machines                                                     ; On                 ; On                 ;
; Ignore Verilog initial constructs                                               ; Off                ; Off                ;
; Iteration limit for constant Verilog loops                                      ; 5000               ; 5000               ;
; Iteration limit for non-constant Verilog loops                                  ; 250                ; 250                ;
; Add Pass-Through Logic to Inferred RAMs                                         ; On                 ; On                 ;
; Infer RAMs from Raw Logic                                                       ; On                 ; On                 ;
; Parallel Synthesis                                                              ; On                 ; On                 ;
; DSP Block Balancing                                                             ; Auto               ; Auto               ;
; NOT Gate Push-Back                                                              ; On                 ; On                 ;
; Power-Up Don't Care                                                             ; On                 ; On                 ;
; Remove Redundant Logic Cells                                                    ; Off                ; Off                ;
; Remove Duplicate Registers                                                      ; On                 ; On                 ;
; Ignore CARRY Buffers                                                            ; Off                ; Off                ;
; Ignore CASCADE Buffers                                                          ; Off                ; Off                ;
; Ignore GLOBAL Buffers                                                           ; Off                ; Off                ;
; Ignore ROW GLOBAL Buffers                                                       ; Off                ; Off                ;
; Ignore LCELL Buffers                                                            ; Off                ; Off                ;
; Ignore SOFT Buffers                                                             ; On                 ; On                 ;
; Limit AHDL Integers to 32 Bits                                                  ; Off                ; Off                ;
; Optimization Technique                                                          ; Balanced           ; Balanced           ;
; Carry Chain Length                                                              ; 70                 ; 70                 ;
; Auto Carry Chains                                                               ; On                 ; On                 ;
; Auto Open-Drain Pins                                                            ; On                 ; On                 ;
; Perform WYSIWYG Primitive Resynthesis                                           ; Off                ; Off                ;
; Auto ROM Replacement                                                            ; On                 ; On                 ;
; Auto RAM Replacement                                                            ; On                 ; On                 ;
; Auto DSP Block Replacement                                                      ; On                 ; On                 ;
; Auto Shift Register Replacement                                                 ; Auto               ; Auto               ;
; Allow Shift Register Merging across Hierarchies                                 ; Auto               ; Auto               ;
; Auto Clock Enable Replacement                                                   ; On                 ; On                 ;
; Strict RAM Replacement                                                          ; Off                ; Off                ;
; Allow Synchronous Control Signals                                               ; On                 ; On                 ;
; Force Use of Synchronous Clear Signals                                          ; Off                ; Off                ;
; Auto Resource Sharing                                                           ; Off                ; Off                ;
; Allow Any RAM Size For Recognition                                              ; Off                ; Off                ;
; Allow Any ROM Size For Recognition                                              ; Off                ; Off                ;
; Allow Any Shift Register Size For Recognition                                   ; Off                ; Off                ;
; Use LogicLock Constraints during Resource Balancing                             ; On                 ; On                 ;
; Ignore translate_off and synthesis_off directives                               ; Off                ; Off                ;
; Timing-Driven Synthesis                                                         ; On                 ; On                 ;
; Report Parameter Settings                                                       ; On                 ; On                 ;
; Report Source Assignments                                                       ; On                 ; On                 ;
; Report Connectivity Checks                                                      ; On                 ; On                 ;
; Ignore Maximum Fan-Out Assignments                                              ; Off                ; Off                ;
; Synchronization Register Chain Length                                           ; 3                  ; 3                  ;
; Power Optimization During Synthesis                                             ; Normal compilation ; Normal compilation ;
; HDL message level                                                               ; Level2             ; Level2             ;
; Suppress Register Optimization Related Messages                                 ; Off                ; Off                ;
; Number of Removed Registers Reported in Synthesis Report                        ; 5000               ; 5000               ;
; Number of Swept Nodes Reported in Synthesis Report                              ; 5000               ; 5000               ;
; Number of Inverted Registers Reported in Synthesis Report                       ; 100                ; 100                ;
; Clock MUX Protection                                                            ; On                 ; On                 ;
; Auto Gated Clock Conversion                                                     ; Off                ; Off                ;
; Block Design Naming                                                             ; Auto               ; Auto               ;
; SDC constraint protection                                                       ; Off                ; Off                ;
; Synthesis Effort                                                                ; Auto               ; Auto               ;
; Shift Register Replacement - Allow Asynchronous Clear Signal                    ; On                 ; On                 ;
; Pre-Mapping Resynthesis Optimization                                            ; Off                ; Off                ;
; Analysis & Synthesis Message Level                                              ; Medium             ; Medium             ;
; Disable Register Merging Across Hierarchies                                     ; Auto               ; Auto               ;
; Resource Aware Inference For Block RAM                                          ; On                 ; On                 ;
; Automatic Parallel Synthesis                                                    ; On                 ; On                 ;
; Partial Reconfiguration Bitstream ID                                            ; Off                ; Off                ;
+---------------------------------------------------------------------------------+--------------------+--------------------+


+------------------------------------------+
; Parallel Compilation                     ;
+----------------------------+-------------+
; Processors                 ; Number      ;
+----------------------------+-------------+
; Number detected on machine ; 4           ;
; Maximum allowed            ; 2           ;
;                            ;             ;
; Average used               ; 1.00        ;
; Maximum used               ; 1           ;
;                            ;             ;
; Usage by Processor         ; % Time Used ;
;     Processor 1            ; 100.0%      ;
+----------------------------+-------------+


+-------------------------------------------------------------------------------------------------------------------------------------------------------------------------+
; Analysis & Synthesis Source Files Read                                                                                                                                  ;
+----------------------------------+-----------------+------------------------------+---------------------------------------------------------------------------+---------+
; File Name with User-Entered Path ; Used in Netlist ; File Type                    ; File Name with Absolute Path                                              ; Library ;
+----------------------------------+-----------------+------------------------------+---------------------------------------------------------------------------+---------+
; xor_4bits.v                      ; yes             ; User Verilog HDL File        ; C:/Users/aydin/OneDrive/Desktop/MIPS_processor_32bits/xor_4bits.v         ;         ;
; xor_32bits.v                     ; yes             ; User Verilog HDL File        ; C:/Users/aydin/OneDrive/Desktop/MIPS_processor_32bits/xor_32bits.v        ;         ;
; xor_1bit.v                       ; yes             ; User Verilog HDL File        ; C:/Users/aydin/OneDrive/Desktop/MIPS_processor_32bits/xor_1bit.v          ;         ;
; sub.v                            ; yes             ; User Verilog HDL File        ; C:/Users/aydin/OneDrive/Desktop/MIPS_processor_32bits/sub.v               ;         ;
; or_4bits.v                       ; yes             ; User Verilog HDL File        ; C:/Users/aydin/OneDrive/Desktop/MIPS_processor_32bits/or_4bits.v          ;         ;
; or_32bits.v                      ; yes             ; User Verilog HDL File        ; C:/Users/aydin/OneDrive/Desktop/MIPS_processor_32bits/or_32bits.v         ;         ;
; not_32bits.v                     ; yes             ; User Verilog HDL File        ; C:/Users/aydin/OneDrive/Desktop/MIPS_processor_32bits/not_32bits.v        ;         ;
; nor_4bits.v                      ; yes             ; User Verilog HDL File        ; C:/Users/aydin/OneDrive/Desktop/MIPS_processor_32bits/nor_4bits.v         ;         ;
; nor_32bits.v                     ; yes             ; User Verilog HDL File        ; C:/Users/aydin/OneDrive/Desktop/MIPS_processor_32bits/nor_32bits.v        ;         ;
; less_than.v                      ; yes             ; User Verilog HDL File        ; C:/Users/aydin/OneDrive/Desktop/MIPS_processor_32bits/less_than.v         ;         ;
; and_4bits.v                      ; yes             ; User Verilog HDL File        ; C:/Users/aydin/OneDrive/Desktop/MIPS_processor_32bits/and_4bits.v         ;         ;
; and_32bits.v                     ; yes             ; User Verilog HDL File        ; C:/Users/aydin/OneDrive/Desktop/MIPS_processor_32bits/and_32bits.v        ;         ;
; alu.v                            ; yes             ; User Verilog HDL File        ; C:/Users/aydin/OneDrive/Desktop/MIPS_processor_32bits/alu.v               ;         ;
; adder_4bits.v                    ; yes             ; User Verilog HDL File        ; C:/Users/aydin/OneDrive/Desktop/MIPS_processor_32bits/adder_4bits.v       ;         ;
; adder_16bits.v                   ; yes             ; User Verilog HDL File        ; C:/Users/aydin/OneDrive/Desktop/MIPS_processor_32bits/adder_16bits.v      ;         ;
; adder.v                          ; yes             ; User Verilog HDL File        ; C:/Users/aydin/OneDrive/Desktop/MIPS_processor_32bits/adder.v             ;         ;
; mips.v                           ; yes             ; User Verilog HDL File        ; C:/Users/aydin/OneDrive/Desktop/MIPS_processor_32bits/mips.v              ;         ;
; alu_control.v                    ; yes             ; User Verilog HDL File        ; C:/Users/aydin/OneDrive/Desktop/MIPS_processor_32bits/alu_control.v       ;         ;
; control_unit.v                   ; yes             ; User Verilog HDL File        ; C:/Users/aydin/OneDrive/Desktop/MIPS_processor_32bits/control_unit.v      ;         ;
; sign_extend.v                    ; yes             ; User Verilog HDL File        ; C:/Users/aydin/OneDrive/Desktop/MIPS_processor_32bits/sign_extend.v       ;         ;
; shift_left_2.v                   ; yes             ; User Verilog HDL File        ; C:/Users/aydin/OneDrive/Desktop/MIPS_processor_32bits/shift_left_2.v      ;         ;
; instruction_block.v              ; yes             ; User Verilog HDL File        ; C:/Users/aydin/OneDrive/Desktop/MIPS_processor_32bits/instruction_block.v ;         ;
; mux2x1_32bit.v                   ; yes             ; User Verilog HDL File        ; C:/Users/aydin/OneDrive/Desktop/MIPS_processor_32bits/mux2x1_32bit.v      ;         ;
; register_block.v                 ; yes             ; User Verilog HDL File        ; C:/Users/aydin/OneDrive/Desktop/MIPS_processor_32bits/register_block.v    ;         ;
; registers.mem                    ; yes             ; User Unspecified File        ; C:/Users/aydin/OneDrive/Desktop/MIPS_processor_32bits/registers.mem       ;         ;
; memory_block.v                   ; yes             ; User Verilog HDL File        ; C:/Users/aydin/OneDrive/Desktop/MIPS_processor_32bits/memory_block.v      ;         ;
; memory.mem                       ; yes             ; User Unspecified File        ; C:/Users/aydin/OneDrive/Desktop/MIPS_processor_32bits/memory.mem          ;         ;
; instructions.mem                 ; yes             ; User Unspecified File        ; C:/Users/aydin/OneDrive/Desktop/MIPS_processor_32bits/instructions.mem    ;         ;
; mux2x1_5bit.v                    ; yes             ; User Verilog HDL File        ; C:/Users/aydin/OneDrive/Desktop/MIPS_processor_32bits/mux2x1_5bit.v       ;         ;
; mux8to1.v                        ; yes             ; Auto-Found Verilog HDL File  ; C:/Users/aydin/OneDrive/Desktop/MIPS_processor_32bits/mux8to1.v           ;         ;
+----------------------------------+-----------------+------------------------------+---------------------------------------------------------------------------+---------+


+-----------------------------------------------------+
; Analysis & Synthesis Resource Usage Summary         ;
+---------------------------------------------+-------+
; Resource                                    ; Usage ;
+---------------------------------------------+-------+
; Estimate of Logic utilization (ALMs needed) ; 0     ;
;                                             ;       ;
; Combinational ALUT usage for logic          ; 0     ;
;     -- 7 input functions                    ; 0     ;
;     -- 6 input functions                    ; 0     ;
;     -- 5 input functions                    ; 0     ;
;     -- 4 input functions                    ; 0     ;
;     -- <=3 input functions                  ; 0     ;
;                                             ;       ;
; Dedicated logic registers                   ; 0     ;
;                                             ;       ;
; I/O pins                                    ; 1     ;
;                                             ;       ;
; Total DSP Blocks                            ; 0     ;
;                                             ;       ;
; Maximum fan-out node                        ; clock ;
; Maximum fan-out                             ; 1     ;
; Total fan-out                               ; 1     ;
; Average fan-out                             ; 0.50  ;
+---------------------------------------------+-------+


+----------------------------------------------------------------------------------------------------------------------------------------------------------------------------------------+
; Analysis & Synthesis Resource Utilization by Entity                                                                                                                                    ;
+----------------------------+---------------------+---------------------------+-------------------+------------+------+--------------+---------------------+-------------+--------------+
; Compilation Hierarchy Node ; Combinational ALUTs ; Dedicated Logic Registers ; Block Memory Bits ; DSP Blocks ; Pins ; Virtual Pins ; Full Hierarchy Name ; Entity Name ; Library Name ;
+----------------------------+---------------------+---------------------------+-------------------+------------+------+--------------+---------------------+-------------+--------------+
; |mips                      ; 0 (0)               ; 0 (0)                     ; 0                 ; 0          ; 1    ; 0            ; |mips               ; mips        ; work         ;
+----------------------------+---------------------+---------------------------+-------------------+------------+------+--------------+---------------------+-------------+--------------+
Note: For table entries with two numbers listed, the numbers in parentheses indicate the number of resources of the given type used by the specific entity alone. The numbers listed outside of parentheses indicate the total resources of the given type used by the specific entity and all of its sub-entities in the hierarchy.


+------------------------------------------------------+
; General Register Statistics                          ;
+----------------------------------------------+-------+
; Statistic                                    ; Value ;
+----------------------------------------------+-------+
; Total registers                              ; 0     ;
; Number of registers using Synchronous Clear  ; 0     ;
; Number of registers using Synchronous Load   ; 0     ;
; Number of registers using Asynchronous Clear ; 0     ;
; Number of registers using Asynchronous Load  ; 0     ;
; Number of registers using Clock Enable       ; 0     ;
; Number of registers using Preset             ; 0     ;
+----------------------------------------------+-------+


+--------------------------------------------------+
; Port Connectivity Checks: "alu:alu1|mux8to1:mux" ;
+------------+-------+----------+------------------+
; Port       ; Type  ; Severity ; Details          ;
+------------+-------+----------+------------------+
; in4[31..1] ; Input ; Info     ; Stuck at GND     ;
; in7        ; Input ; Info     ; Stuck at GND     ;
+------------+-------+----------+------------------+


+----------------------------------------------------------------------------------------------------------------+
; Port Connectivity Checks: "alu:alu1|sub:alu_sub"                                                               ;
+------+--------+----------+-------------------------------------------------------------------------------------+
; Port ; Type   ; Severity ; Details                                                                             ;
+------+--------+----------+-------------------------------------------------------------------------------------+
; cout ; Output ; Info     ; Connected to dangling logic. Logic that only feeds a dangling port will be removed. ;
+------+--------+----------+-------------------------------------------------------------------------------------+


+----------------------------------------------------------------------------------------------------------------+
; Port Connectivity Checks: "alu:alu1|adder:alu_adder"                                                           ;
+------+--------+----------+-------------------------------------------------------------------------------------+
; Port ; Type   ; Severity ; Details                                                                             ;
+------+--------+----------+-------------------------------------------------------------------------------------+
; cin  ; Input  ; Info     ; Stuck at GND                                                                        ;
; cout ; Output ; Info     ; Connected to dangling logic. Logic that only feeds a dangling port will be removed. ;
+------+--------+----------+-------------------------------------------------------------------------------------+


+-----------------------------------------------------------------------------+
; Port Connectivity Checks: "alu:alu1|less_than:alu_lt|sub:sub1|adder:adder1" ;
+------+-------+----------+---------------------------------------------------+
; Port ; Type  ; Severity ; Details                                           ;
+------+-------+----------+---------------------------------------------------+
; cin  ; Input ; Info     ; Stuck at VCC                                      ;
+------+-------+----------+---------------------------------------------------+


+----------------------------------------------------------------------------------------------------------------------+
; Port Connectivity Checks: "alu:alu1|less_than:alu_lt|sub:sub1"                                                       ;
+------------+--------+----------+-------------------------------------------------------------------------------------+
; Port       ; Type   ; Severity ; Details                                                                             ;
+------------+--------+----------+-------------------------------------------------------------------------------------+
; out[30..0] ; Output ; Info     ; Connected to dangling logic. Logic that only feeds a dangling port will be removed. ;
; cout       ; Output ; Info     ; Connected to dangling logic. Logic that only feeds a dangling port will be removed. ;
+------------+--------+----------+-------------------------------------------------------------------------------------+


+------------------------------------------------------+
; Port Connectivity Checks: "adder:adder_shft_left_pc" ;
+------+-------+----------+----------------------------+
; Port ; Type  ; Severity ; Details                    ;
+------+-------+----------+----------------------------+
; cin  ; Input ; Info     ; Stuck at GND               ;
+------+-------+----------+----------------------------+


+----------------------------------------------------------------------------------------------------------------+
; Port Connectivity Checks: "adder:adder1|adder_16bits:adder_1|adder_4bits:adder4"                               ;
+------+--------+----------+-------------------------------------------------------------------------------------+
; Port ; Type   ; Severity ; Details                                                                             ;
+------+--------+----------+-------------------------------------------------------------------------------------+
; cout ; Output ; Info     ; Connected to dangling logic. Logic that only feeds a dangling port will be removed. ;
+------+--------+----------+-------------------------------------------------------------------------------------+


+----------------------------------------------------------------------------------------------------------------+
; Port Connectivity Checks: "adder:adder1|adder_16bits:adder_1|adder_4bits:adder3"                               ;
+------+--------+----------+-------------------------------------------------------------------------------------+
; Port ; Type   ; Severity ; Details                                                                             ;
+------+--------+----------+-------------------------------------------------------------------------------------+
; cout ; Output ; Info     ; Connected to dangling logic. Logic that only feeds a dangling port will be removed. ;
+------+--------+----------+-------------------------------------------------------------------------------------+


+----------------------------------------------------------------------------------------------------------------+
; Port Connectivity Checks: "adder:adder1|adder_16bits:adder_1|adder_4bits:adder2"                               ;
+------+--------+----------+-------------------------------------------------------------------------------------+
; Port ; Type   ; Severity ; Details                                                                             ;
+------+--------+----------+-------------------------------------------------------------------------------------+
; cout ; Output ; Info     ; Connected to dangling logic. Logic that only feeds a dangling port will be removed. ;
+------+--------+----------+-------------------------------------------------------------------------------------+


+----------------------------------------------------------------------------------------------------------------+
; Port Connectivity Checks: "adder:adder1|adder_16bits:adder_1|adder_4bits:adder1"                               ;
+------+--------+----------+-------------------------------------------------------------------------------------+
; Port ; Type   ; Severity ; Details                                                                             ;
+------+--------+----------+-------------------------------------------------------------------------------------+
; cout ; Output ; Info     ; Connected to dangling logic. Logic that only feeds a dangling port will be removed. ;
+------+--------+----------+-------------------------------------------------------------------------------------+


+--------------------------------------------------------------------------------------------------------------------+
; Port Connectivity Checks: "adder:adder1"                                                                           ;
+----------+--------+----------+-------------------------------------------------------------------------------------+
; Port     ; Type   ; Severity ; Details                                                                             ;
+----------+--------+----------+-------------------------------------------------------------------------------------+
; b[31..3] ; Input  ; Info     ; Stuck at GND                                                                        ;
; b[1..0]  ; Input  ; Info     ; Stuck at GND                                                                        ;
; b[2]     ; Input  ; Info     ; Stuck at VCC                                                                        ;
; cin      ; Input  ; Info     ; Stuck at GND                                                                        ;
; cout     ; Output ; Info     ; Connected to dangling logic. Logic that only feeds a dangling port will be removed. ;
+----------+--------+----------+-------------------------------------------------------------------------------------+


+----------------------------------------------------------------------------------------------------------------+
; Port Connectivity Checks: "control_unit:cu"                                                                    ;
+------+--------+----------+-------------------------------------------------------------------------------------+
; Port ; Type   ; Severity ; Details                                                                             ;
+------+--------+----------+-------------------------------------------------------------------------------------+
; jump ; Output ; Info     ; Connected to dangling logic. Logic that only feeds a dangling port will be removed. ;
+------+--------+----------+-------------------------------------------------------------------------------------+


+-----------------------------------------------------+
; Post-Synthesis Netlist Statistics for Top Partition ;
+-------------------+---------------------------------+
; Type              ; Count                           ;
+-------------------+---------------------------------+
; boundary_port     ; 1                               ;
;                   ;                                 ;
; Max LUT depth     ; 0.00                            ;
; Average LUT depth ; 0.00                            ;
+-------------------+---------------------------------+


+-------------------------------+
; Elapsed Time Per Partition    ;
+----------------+--------------+
; Partition Name ; Elapsed Time ;
+----------------+--------------+
; Top            ; 00:00:00     ;
+----------------+--------------+


+-------------------------------+
; Analysis & Synthesis Messages ;
+-------------------------------+
Info: *******************************************************************
Info: Running Quartus Prime Analysis & Synthesis
    Info: Version 20.1.1 Build 720 11/11/2020 SJ Lite Edition
    Info: Processing started: Fri Jan 19 23:47:56 2024
Info: Command: quartus_map --read_settings_files=on --write_settings_files=off mips -c mips
Warning (18236): Number of processors has not been specified which may cause overloading on shared machines.  Set the global assignment NUM_PARALLEL_PROCESSORS in your QSF to an appropriate value for best performance.
Info (20030): Parallel compilation is enabled and will use 2 of the 2 processors detected
Info (12021): Found 1 design units, including 1 entities, in source file xor_4bits.v
    Info (12023): Found entity 1: xor_4bits File: C:/Users/aydin/OneDrive/Desktop/MIPS_processor_32bits/xor_4bits.v Line: 1
Info (12021): Found 1 design units, including 1 entities, in source file xor_32bits.v
    Info (12023): Found entity 1: xor_32bits File: C:/Users/aydin/OneDrive/Desktop/MIPS_processor_32bits/xor_32bits.v Line: 1
Info (12021): Found 1 design units, including 1 entities, in source file xor_1bit.v
    Info (12023): Found entity 1: my_xor File: C:/Users/aydin/OneDrive/Desktop/MIPS_processor_32bits/xor_1bit.v Line: 1
Info (12021): Found 1 design units, including 1 entities, in source file sub.v
    Info (12023): Found entity 1: sub File: C:/Users/aydin/OneDrive/Desktop/MIPS_processor_32bits/sub.v Line: 1
Info (12021): Found 1 design units, including 1 entities, in source file or_4bits.v
    Info (12023): Found entity 1: or_4bits File: C:/Users/aydin/OneDrive/Desktop/MIPS_processor_32bits/or_4bits.v Line: 1
Info (12021): Found 1 design units, including 1 entities, in source file or_32bits.v
    Info (12023): Found entity 1: or_32bits File: C:/Users/aydin/OneDrive/Desktop/MIPS_processor_32bits/or_32bits.v Line: 1
Info (12021): Found 1 design units, including 1 entities, in source file not_32bits.v
    Info (12023): Found entity 1: not_32bits File: C:/Users/aydin/OneDrive/Desktop/MIPS_processor_32bits/not_32bits.v Line: 1
Info (12021): Found 1 design units, including 1 entities, in source file nor_4bits.v
    Info (12023): Found entity 1: nor_4bits File: C:/Users/aydin/OneDrive/Desktop/MIPS_processor_32bits/nor_4bits.v Line: 1
Info (12021): Found 1 design units, including 1 entities, in source file nor_32bits.v
    Info (12023): Found entity 1: nor_32bits File: C:/Users/aydin/OneDrive/Desktop/MIPS_processor_32bits/nor_32bits.v Line: 1
Info (12021): Found 1 design units, including 1 entities, in source file less_than.v
    Info (12023): Found entity 1: less_than File: C:/Users/aydin/OneDrive/Desktop/MIPS_processor_32bits/less_than.v Line: 1
Info (12021): Found 1 design units, including 1 entities, in source file and_4bits.v
    Info (12023): Found entity 1: and_4bits File: C:/Users/aydin/OneDrive/Desktop/MIPS_processor_32bits/and_4bits.v Line: 1
Info (12021): Found 1 design units, including 1 entities, in source file and_32bits.v
    Info (12023): Found entity 1: and_32bits File: C:/Users/aydin/OneDrive/Desktop/MIPS_processor_32bits/and_32bits.v Line: 1
Info (12021): Found 1 design units, including 1 entities, in source file alu.v
    Info (12023): Found entity 1: alu File: C:/Users/aydin/OneDrive/Desktop/MIPS_processor_32bits/alu.v Line: 1
Info (12021): Found 1 design units, including 1 entities, in source file adder_4bits.v
    Info (12023): Found entity 1: adder_4bits File: C:/Users/aydin/OneDrive/Desktop/MIPS_processor_32bits/adder_4bits.v Line: 1
Info (12021): Found 1 design units, including 1 entities, in source file adder_16bits.v
    Info (12023): Found entity 1: adder_16bits File: C:/Users/aydin/OneDrive/Desktop/MIPS_processor_32bits/adder_16bits.v Line: 1
Info (12021): Found 1 design units, including 1 entities, in source file adder.v
    Info (12023): Found entity 1: adder File: C:/Users/aydin/OneDrive/Desktop/MIPS_processor_32bits/adder.v Line: 1
Info (12021): Found 1 design units, including 1 entities, in source file mips.v
    Info (12023): Found entity 1: mips File: C:/Users/aydin/OneDrive/Desktop/MIPS_processor_32bits/mips.v Line: 3
Info (12021): Found 1 design units, including 1 entities, in source file alu_control.v
    Info (12023): Found entity 1: alu_control File: C:/Users/aydin/OneDrive/Desktop/MIPS_processor_32bits/alu_control.v Line: 2
Info (12021): Found 1 design units, including 1 entities, in source file my_testbench.v
    Info (12023): Found entity 1: my_testbench File: C:/Users/aydin/OneDrive/Desktop/MIPS_processor_32bits/my_testbench.v Line: 3
Info (12021): Found 1 design units, including 1 entities, in source file control_unit.v
    Info (12023): Found entity 1: control_unit File: C:/Users/aydin/OneDrive/Desktop/MIPS_processor_32bits/control_unit.v Line: 1
Info (12021): Found 1 design units, including 1 entities, in source file sign_extend.v
    Info (12023): Found entity 1: sign_extend File: C:/Users/aydin/OneDrive/Desktop/MIPS_processor_32bits/sign_extend.v Line: 1
Info (12021): Found 1 design units, including 1 entities, in source file shift_left_2.v
    Info (12023): Found entity 1: shift_left_2 File: C:/Users/aydin/OneDrive/Desktop/MIPS_processor_32bits/shift_left_2.v Line: 1
Info (12021): Found 1 design units, including 1 entities, in source file instruction_block.v
    Info (12023): Found entity 1: instruction_block File: C:/Users/aydin/OneDrive/Desktop/MIPS_processor_32bits/instruction_block.v Line: 1
Info (12021): Found 1 design units, including 1 entities, in source file mux2x1_32bit.v
    Info (12023): Found entity 1: mux2x1_32bit File: C:/Users/aydin/OneDrive/Desktop/MIPS_processor_32bits/mux2x1_32bit.v Line: 1
Info (12021): Found 1 design units, including 1 entities, in source file register_block.v
    Info (12023): Found entity 1: register_block File: C:/Users/aydin/OneDrive/Desktop/MIPS_processor_32bits/register_block.v Line: 3
Info (12021): Found 1 design units, including 1 entities, in source file memory_block.v
    Info (12023): Found entity 1: memory_block File: C:/Users/aydin/OneDrive/Desktop/MIPS_processor_32bits/memory_block.v Line: 1
Info (12021): Found 1 design units, including 1 entities, in source file mux2x1_5bit.v
    Info (12023): Found entity 1: mux2x1_5bit File: C:/Users/aydin/OneDrive/Desktop/MIPS_processor_32bits/mux2x1_5bit.v Line: 1
Info (12021): Found 1 design units, including 1 entities, in source file mux8x1_1bit.v
    Info (12023): Found entity 1: mux8x1_1bit File: C:/Users/aydin/OneDrive/Desktop/MIPS_processor_32bits/mux8x1_1bit.v Line: 1
Info (12021): Found 1 design units, including 1 entities, in source file mux8x1_32bit.v
    Info (12023): Found entity 1: mux8x1_32bit File: C:/Users/aydin/OneDrive/Desktop/MIPS_processor_32bits/mux8x1_32bit.v Line: 1
Warning (10236): Verilog HDL Implicit Net warning at xor_1bit.v(2): created implicit net for "and1" File: C:/Users/aydin/OneDrive/Desktop/MIPS_processor_32bits/xor_1bit.v Line: 2
Warning (10236): Verilog HDL Implicit Net warning at xor_1bit.v(3): created implicit net for "and2" File: C:/Users/aydin/OneDrive/Desktop/MIPS_processor_32bits/xor_1bit.v Line: 3
Warning (10236): Verilog HDL Implicit Net warning at xor_1bit.v(4): created implicit net for "and3" File: C:/Users/aydin/OneDrive/Desktop/MIPS_processor_32bits/xor_1bit.v Line: 4
Warning (10236): Verilog HDL Implicit Net warning at xor_1bit.v(5): created implicit net for "and4" File: C:/Users/aydin/OneDrive/Desktop/MIPS_processor_32bits/xor_1bit.v Line: 5
Warning (10236): Verilog HDL Implicit Net warning at adder_4bits.v(12): created implicit net for "or_result1" File: C:/Users/aydin/OneDrive/Desktop/MIPS_processor_32bits/adder_4bits.v Line: 12
Warning (10236): Verilog HDL Implicit Net warning at adder_4bits.v(15): created implicit net for "or_result2" File: C:/Users/aydin/OneDrive/Desktop/MIPS_processor_32bits/adder_4bits.v Line: 15
Warning (10236): Verilog HDL Implicit Net warning at adder_4bits.v(16): created implicit net for "or_result3" File: C:/Users/aydin/OneDrive/Desktop/MIPS_processor_32bits/adder_4bits.v Line: 16
Warning (10236): Verilog HDL Implicit Net warning at adder_4bits.v(20): created implicit net for "or_result4" File: C:/Users/aydin/OneDrive/Desktop/MIPS_processor_32bits/adder_4bits.v Line: 20
Warning (10236): Verilog HDL Implicit Net warning at adder_4bits.v(21): created implicit net for "or_result5" File: C:/Users/aydin/OneDrive/Desktop/MIPS_processor_32bits/adder_4bits.v Line: 21
Warning (10236): Verilog HDL Implicit Net warning at adder_4bits.v(22): created implicit net for "or_result6" File: C:/Users/aydin/OneDrive/Desktop/MIPS_processor_32bits/adder_4bits.v Line: 22
Warning (10236): Verilog HDL Implicit Net warning at adder_4bits.v(26): created implicit net for "or_result7" File: C:/Users/aydin/OneDrive/Desktop/MIPS_processor_32bits/adder_4bits.v Line: 26
Warning (10236): Verilog HDL Implicit Net warning at adder_4bits.v(27): created implicit net for "or_result8" File: C:/Users/aydin/OneDrive/Desktop/MIPS_processor_32bits/adder_4bits.v Line: 27
Warning (10236): Verilog HDL Implicit Net warning at adder_4bits.v(28): created implicit net for "or_result9" File: C:/Users/aydin/OneDrive/Desktop/MIPS_processor_32bits/adder_4bits.v Line: 28
Warning (10236): Verilog HDL Implicit Net warning at adder_4bits.v(29): created implicit net for "or_result10" File: C:/Users/aydin/OneDrive/Desktop/MIPS_processor_32bits/adder_4bits.v Line: 29
Warning (10236): Verilog HDL Implicit Net warning at adder_4bits.v(41): created implicit net for "and6_result" File: C:/Users/aydin/OneDrive/Desktop/MIPS_processor_32bits/adder_4bits.v Line: 41
Warning (10236): Verilog HDL Implicit Net warning at adder_4bits.v(42): created implicit net for "and7_result" File: C:/Users/aydin/OneDrive/Desktop/MIPS_processor_32bits/adder_4bits.v Line: 42
Warning (10236): Verilog HDL Implicit Net warning at adder_4bits.v(43): created implicit net for "and8_result" File: C:/Users/aydin/OneDrive/Desktop/MIPS_processor_32bits/adder_4bits.v Line: 43
Warning (10236): Verilog HDL Implicit Net warning at adder_16bits.v(14): created implicit net for "or_result1" File: C:/Users/aydin/OneDrive/Desktop/MIPS_processor_32bits/adder_16bits.v Line: 14
Warning (10236): Verilog HDL Implicit Net warning at adder_16bits.v(17): created implicit net for "or_result2" File: C:/Users/aydin/OneDrive/Desktop/MIPS_processor_32bits/adder_16bits.v Line: 17
Warning (10236): Verilog HDL Implicit Net warning at adder_16bits.v(18): created implicit net for "or_result3" File: C:/Users/aydin/OneDrive/Desktop/MIPS_processor_32bits/adder_16bits.v Line: 18
Warning (10236): Verilog HDL Implicit Net warning at adder_16bits.v(21): created implicit net for "or_result4" File: C:/Users/aydin/OneDrive/Desktop/MIPS_processor_32bits/adder_16bits.v Line: 21
Warning (10236): Verilog HDL Implicit Net warning at adder_16bits.v(22): created implicit net for "or_result5" File: C:/Users/aydin/OneDrive/Desktop/MIPS_processor_32bits/adder_16bits.v Line: 22
Warning (10236): Verilog HDL Implicit Net warning at adder_16bits.v(23): created implicit net for "or_result6" File: C:/Users/aydin/OneDrive/Desktop/MIPS_processor_32bits/adder_16bits.v Line: 23
Warning (10236): Verilog HDL Implicit Net warning at adder_16bits.v(27): created implicit net for "or_result7" File: C:/Users/aydin/OneDrive/Desktop/MIPS_processor_32bits/adder_16bits.v Line: 27
Warning (10236): Verilog HDL Implicit Net warning at adder_16bits.v(28): created implicit net for "or_result8" File: C:/Users/aydin/OneDrive/Desktop/MIPS_processor_32bits/adder_16bits.v Line: 28
Warning (10236): Verilog HDL Implicit Net warning at adder_16bits.v(29): created implicit net for "or_result9" File: C:/Users/aydin/OneDrive/Desktop/MIPS_processor_32bits/adder_16bits.v Line: 29
Warning (10236): Verilog HDL Implicit Net warning at adder_16bits.v(30): created implicit net for "or_result10" File: C:/Users/aydin/OneDrive/Desktop/MIPS_processor_32bits/adder_16bits.v Line: 30
Warning (10236): Verilog HDL Implicit Net warning at alu_control.v(27): created implicit net for "not_f2" File: C:/Users/aydin/OneDrive/Desktop/MIPS_processor_32bits/alu_control.v Line: 27
Warning (10236): Verilog HDL Implicit Net warning at alu_control.v(41): created implicit net for "sel_not" File: C:/Users/aydin/OneDrive/Desktop/MIPS_processor_32bits/alu_control.v Line: 41
Warning (10236): Verilog HDL Implicit Net warning at control_unit.v(18): created implicit net for "opcode0_not" File: C:/Users/aydin/OneDrive/Desktop/MIPS_processor_32bits/control_unit.v Line: 18
Warning (10236): Verilog HDL Implicit Net warning at control_unit.v(19): created implicit net for "opcode1_not" File: C:/Users/aydin/OneDrive/Desktop/MIPS_processor_32bits/control_unit.v Line: 19
Warning (10236): Verilog HDL Implicit Net warning at control_unit.v(20): created implicit net for "opcode2_not" File: C:/Users/aydin/OneDrive/Desktop/MIPS_processor_32bits/control_unit.v Line: 20
Warning (10236): Verilog HDL Implicit Net warning at control_unit.v(21): created implicit net for "opcode3_not" File: C:/Users/aydin/OneDrive/Desktop/MIPS_processor_32bits/control_unit.v Line: 21
Warning (10236): Verilog HDL Implicit Net warning at control_unit.v(22): created implicit net for "opcode4_not" File: C:/Users/aydin/OneDrive/Desktop/MIPS_processor_32bits/control_unit.v Line: 22
Warning (10236): Verilog HDL Implicit Net warning at control_unit.v(23): created implicit net for "opcode5_not" File: C:/Users/aydin/OneDrive/Desktop/MIPS_processor_32bits/control_unit.v Line: 23
Warning (10236): Verilog HDL Implicit Net warning at mux2x1_32bit.v(11): created implicit net for "sel_not" File: C:/Users/aydin/OneDrive/Desktop/MIPS_processor_32bits/mux2x1_32bit.v Line: 11
Warning (10236): Verilog HDL Implicit Net warning at mux2x1_5bit.v(12): created implicit net for "sel_not" File: C:/Users/aydin/OneDrive/Desktop/MIPS_processor_32bits/mux2x1_5bit.v Line: 12
Info (12127): Elaborating entity "mips" for the top level hierarchy
Info (12128): Elaborating entity "instruction_block" for hierarchy "instruction_block:instr_block" File: C:/Users/aydin/OneDrive/Desktop/MIPS_processor_32bits/mips.v Line: 63
Warning (10850): Verilog HDL warning at instruction_block.v(9): number of words (8) in memory file does not match the number of elements in the address range [0:1024] File: C:/Users/aydin/OneDrive/Desktop/MIPS_processor_32bits/instruction_block.v Line: 9
Warning (10855): Verilog HDL warning at instruction_block.v(8): initial value for variable mem should be constant File: C:/Users/aydin/OneDrive/Desktop/MIPS_processor_32bits/instruction_block.v Line: 8
Warning (10030): Net "mem" at instruction_block.v(6) has no driver or initial value, using a default initial value '0' File: C:/Users/aydin/OneDrive/Desktop/MIPS_processor_32bits/instruction_block.v Line: 6
Info (12128): Elaborating entity "control_unit" for hierarchy "control_unit:cu" File: C:/Users/aydin/OneDrive/Desktop/MIPS_processor_32bits/mips.v Line: 78
Info (12128): Elaborating entity "mux2x1_5bit" for hierarchy "mux2x1_5bit:mux1" File: C:/Users/aydin/OneDrive/Desktop/MIPS_processor_32bits/mips.v Line: 86
Info (12128): Elaborating entity "register_block" for hierarchy "register_block:uut" File: C:/Users/aydin/OneDrive/Desktop/MIPS_processor_32bits/mips.v Line: 98
Warning (10850): Verilog HDL warning at register_block.v(17): number of words (32) in memory file does not match the number of elements in the address range [0:127] File: C:/Users/aydin/OneDrive/Desktop/MIPS_processor_32bits/register_block.v Line: 17
Warning (10175): Verilog HDL warning at register_block.v(36): ignoring unsupported system task File: C:/Users/aydin/OneDrive/Desktop/MIPS_processor_32bits/register_block.v Line: 36
Info (12128): Elaborating entity "sign_extend" for hierarchy "sign_extend:sgn_ext" File: C:/Users/aydin/OneDrive/Desktop/MIPS_processor_32bits/mips.v Line: 104
Info (12128): Elaborating entity "adder" for hierarchy "adder:adder1" File: C:/Users/aydin/OneDrive/Desktop/MIPS_processor_32bits/mips.v Line: 106
Info (12128): Elaborating entity "adder_16bits" for hierarchy "adder:adder1|adder_16bits:adder_1" File: C:/Users/aydin/OneDrive/Desktop/MIPS_processor_32bits/adder.v Line: 7
Info (12128): Elaborating entity "adder_4bits" for hierarchy "adder:adder1|adder_16bits:adder_1|adder_4bits:adder1" File: C:/Users/aydin/OneDrive/Desktop/MIPS_processor_32bits/adder_16bits.v Line: 7
Info (12128): Elaborating entity "xor_4bits" for hierarchy "adder:adder1|adder_16bits:adder_1|adder_4bits:adder1|xor_4bits:xor_4bits1" File: C:/Users/aydin/OneDrive/Desktop/MIPS_processor_32bits/adder_4bits.v Line: 6
Info (12128): Elaborating entity "my_xor" for hierarchy "adder:adder1|adder_16bits:adder_1|adder_4bits:adder1|xor_4bits:xor_4bits1|my_xor:xor1" File: C:/Users/aydin/OneDrive/Desktop/MIPS_processor_32bits/xor_4bits.v Line: 3
Info (12128): Elaborating entity "and_4bits" for hierarchy "adder:adder1|adder_16bits:adder_1|adder_4bits:adder1|and_4bits:and_4bits1" File: C:/Users/aydin/OneDrive/Desktop/MIPS_processor_32bits/adder_4bits.v Line: 7
Info (12128): Elaborating entity "shift_left_2" for hierarchy "shift_left_2:shft_lft" File: C:/Users/aydin/OneDrive/Desktop/MIPS_processor_32bits/mips.v Line: 108
Info (12128): Elaborating entity "mux2x1_32bit" for hierarchy "mux2x1_32bit:mux4" File: C:/Users/aydin/OneDrive/Desktop/MIPS_processor_32bits/mips.v Line: 114
Info (12128): Elaborating entity "alu_control" for hierarchy "alu_control:alu_cntrl" File: C:/Users/aydin/OneDrive/Desktop/MIPS_processor_32bits/mips.v Line: 129
Info (12128): Elaborating entity "alu" for hierarchy "alu:alu1" File: C:/Users/aydin/OneDrive/Desktop/MIPS_processor_32bits/mips.v Line: 138
Info (12128): Elaborating entity "and_32bits" for hierarchy "alu:alu1|and_32bits:alu_and" File: C:/Users/aydin/OneDrive/Desktop/MIPS_processor_32bits/alu.v Line: 8
Info (12128): Elaborating entity "or_32bits" for hierarchy "alu:alu1|or_32bits:alu_or" File: C:/Users/aydin/OneDrive/Desktop/MIPS_processor_32bits/alu.v Line: 12
Info (12128): Elaborating entity "or_4bits" for hierarchy "alu:alu1|or_32bits:alu_or|or_4bits:or4_1" File: C:/Users/aydin/OneDrive/Desktop/MIPS_processor_32bits/or_32bits.v Line: 3
Info (12128): Elaborating entity "xor_32bits" for hierarchy "alu:alu1|xor_32bits:alu_xor" File: C:/Users/aydin/OneDrive/Desktop/MIPS_processor_32bits/alu.v Line: 16
Info (12128): Elaborating entity "nor_32bits" for hierarchy "alu:alu1|nor_32bits:alu_nor" File: C:/Users/aydin/OneDrive/Desktop/MIPS_processor_32bits/alu.v Line: 20
Info (12128): Elaborating entity "nor_4bits" for hierarchy "alu:alu1|nor_32bits:alu_nor|nor_4bits:nor4_1" File: C:/Users/aydin/OneDrive/Desktop/MIPS_processor_32bits/nor_32bits.v Line: 3
Info (12128): Elaborating entity "less_than" for hierarchy "alu:alu1|less_than:alu_lt" File: C:/Users/aydin/OneDrive/Desktop/MIPS_processor_32bits/alu.v Line: 24
Info (12128): Elaborating entity "sub" for hierarchy "alu:alu1|less_than:alu_lt|sub:sub1" File: C:/Users/aydin/OneDrive/Desktop/MIPS_processor_32bits/less_than.v Line: 9
Info (12128): Elaborating entity "not_32bits" for hierarchy "alu:alu1|less_than:alu_lt|sub:sub1|not_32bits:not1" File: C:/Users/aydin/OneDrive/Desktop/MIPS_processor_32bits/sub.v Line: 7
Warning (12125): Using design file mux8to1.v, which is not specified as a design file for the current project, but contains definitions for 1 design units and 1 entities in project
    Info (12023): Found entity 1: mux8to1 File: C:/Users/aydin/OneDrive/Desktop/MIPS_processor_32bits/mux8to1.v Line: 3
Info (12128): Elaborating entity "mux8to1" for hierarchy "alu:alu1|mux8to1:mux" File: C:/Users/aydin/OneDrive/Desktop/MIPS_processor_32bits/alu.v Line: 51
Warning (10235): Verilog HDL Always Construct warning at mux8to1.v(7): variable "in0" is read inside the Always Construct but isn't in the Always Construct's Event Control File: C:/Users/aydin/OneDrive/Desktop/MIPS_processor_32bits/mux8to1.v Line: 7
Warning (10235): Verilog HDL Always Construct warning at mux8to1.v(8): variable "in1" is read inside the Always Construct but isn't in the Always Construct's Event Control File: C:/Users/aydin/OneDrive/Desktop/MIPS_processor_32bits/mux8to1.v Line: 8
Warning (10235): Verilog HDL Always Construct warning at mux8to1.v(9): variable "in2" is read inside the Always Construct but isn't in the Always Construct's Event Control File: C:/Users/aydin/OneDrive/Desktop/MIPS_processor_32bits/mux8to1.v Line: 9
Warning (10235): Verilog HDL Always Construct warning at mux8to1.v(10): variable "in3" is read inside the Always Construct but isn't in the Always Construct's Event Control File: C:/Users/aydin/OneDrive/Desktop/MIPS_processor_32bits/mux8to1.v Line: 10
Warning (10235): Verilog HDL Always Construct warning at mux8to1.v(11): variable "in4" is read inside the Always Construct but isn't in the Always Construct's Event Control File: C:/Users/aydin/OneDrive/Desktop/MIPS_processor_32bits/mux8to1.v Line: 11
Warning (10235): Verilog HDL Always Construct warning at mux8to1.v(12): variable "in5" is read inside the Always Construct but isn't in the Always Construct's Event Control File: C:/Users/aydin/OneDrive/Desktop/MIPS_processor_32bits/mux8to1.v Line: 12
Warning (10235): Verilog HDL Always Construct warning at mux8to1.v(13): variable "in6" is read inside the Always Construct but isn't in the Always Construct's Event Control File: C:/Users/aydin/OneDrive/Desktop/MIPS_processor_32bits/mux8to1.v Line: 13
Warning (10235): Verilog HDL Always Construct warning at mux8to1.v(14): variable "in7" is read inside the Always Construct but isn't in the Always Construct's Event Control File: C:/Users/aydin/OneDrive/Desktop/MIPS_processor_32bits/mux8to1.v Line: 14
Info (12128): Elaborating entity "memory_block" for hierarchy "memory_block:mem_block" File: C:/Users/aydin/OneDrive/Desktop/MIPS_processor_32bits/mips.v Line: 148
Warning (10850): Verilog HDL warning at memory_block.v(15): number of words (4) in memory file does not match the number of elements in the address range [0:1023] File: C:/Users/aydin/OneDrive/Desktop/MIPS_processor_32bits/memory_block.v Line: 15
Warning (10240): Verilog HDL Always Construct warning at memory_block.v(21): inferring latch(es) for variable "read_data", which holds its previous value in one or more paths through the always construct File: C:/Users/aydin/OneDrive/Desktop/MIPS_processor_32bits/memory_block.v Line: 21
Warning (10175): Verilog HDL warning at memory_block.v(48): ignoring unsupported system task File: C:/Users/aydin/OneDrive/Desktop/MIPS_processor_32bits/memory_block.v Line: 48
Info (10041): Inferred latch for "read_data[0]" at memory_block.v(21) File: C:/Users/aydin/OneDrive/Desktop/MIPS_processor_32bits/memory_block.v Line: 21
Info (10041): Inferred latch for "read_data[1]" at memory_block.v(21) File: C:/Users/aydin/OneDrive/Desktop/MIPS_processor_32bits/memory_block.v Line: 21
Info (10041): Inferred latch for "read_data[2]" at memory_block.v(21) File: C:/Users/aydin/OneDrive/Desktop/MIPS_processor_32bits/memory_block.v Line: 21
Info (10041): Inferred latch for "read_data[3]" at memory_block.v(21) File: C:/Users/aydin/OneDrive/Desktop/MIPS_processor_32bits/memory_block.v Line: 21
Info (10041): Inferred latch for "read_data[4]" at memory_block.v(21) File: C:/Users/aydin/OneDrive/Desktop/MIPS_processor_32bits/memory_block.v Line: 21
Info (10041): Inferred latch for "read_data[5]" at memory_block.v(21) File: C:/Users/aydin/OneDrive/Desktop/MIPS_processor_32bits/memory_block.v Line: 21
Info (10041): Inferred latch for "read_data[6]" at memory_block.v(21) File: C:/Users/aydin/OneDrive/Desktop/MIPS_processor_32bits/memory_block.v Line: 21
Info (10041): Inferred latch for "read_data[7]" at memory_block.v(21) File: C:/Users/aydin/OneDrive/Desktop/MIPS_processor_32bits/memory_block.v Line: 21
Info (10041): Inferred latch for "read_data[8]" at memory_block.v(21) File: C:/Users/aydin/OneDrive/Desktop/MIPS_processor_32bits/memory_block.v Line: 21
Info (10041): Inferred latch for "read_data[9]" at memory_block.v(21) File: C:/Users/aydin/OneDrive/Desktop/MIPS_processor_32bits/memory_block.v Line: 21
Info (10041): Inferred latch for "read_data[10]" at memory_block.v(21) File: C:/Users/aydin/OneDrive/Desktop/MIPS_processor_32bits/memory_block.v Line: 21
Info (10041): Inferred latch for "read_data[11]" at memory_block.v(21) File: C:/Users/aydin/OneDrive/Desktop/MIPS_processor_32bits/memory_block.v Line: 21
Info (10041): Inferred latch for "read_data[12]" at memory_block.v(21) File: C:/Users/aydin/OneDrive/Desktop/MIPS_processor_32bits/memory_block.v Line: 21
Info (10041): Inferred latch for "read_data[13]" at memory_block.v(21) File: C:/Users/aydin/OneDrive/Desktop/MIPS_processor_32bits/memory_block.v Line: 21
Info (10041): Inferred latch for "read_data[14]" at memory_block.v(21) File: C:/Users/aydin/OneDrive/Desktop/MIPS_processor_32bits/memory_block.v Line: 21
Info (10041): Inferred latch for "read_data[15]" at memory_block.v(21) File: C:/Users/aydin/OneDrive/Desktop/MIPS_processor_32bits/memory_block.v Line: 21
Info (10041): Inferred latch for "read_data[16]" at memory_block.v(21) File: C:/Users/aydin/OneDrive/Desktop/MIPS_processor_32bits/memory_block.v Line: 21
Info (10041): Inferred latch for "read_data[17]" at memory_block.v(21) File: C:/Users/aydin/OneDrive/Desktop/MIPS_processor_32bits/memory_block.v Line: 21
Info (10041): Inferred latch for "read_data[18]" at memory_block.v(21) File: C:/Users/aydin/OneDrive/Desktop/MIPS_processor_32bits/memory_block.v Line: 21
Info (10041): Inferred latch for "read_data[19]" at memory_block.v(21) File: C:/Users/aydin/OneDrive/Desktop/MIPS_processor_32bits/memory_block.v Line: 21
Info (10041): Inferred latch for "read_data[20]" at memory_block.v(21) File: C:/Users/aydin/OneDrive/Desktop/MIPS_processor_32bits/memory_block.v Line: 21
Info (10041): Inferred latch for "read_data[21]" at memory_block.v(21) File: C:/Users/aydin/OneDrive/Desktop/MIPS_processor_32bits/memory_block.v Line: 21
Info (10041): Inferred latch for "read_data[22]" at memory_block.v(21) File: C:/Users/aydin/OneDrive/Desktop/MIPS_processor_32bits/memory_block.v Line: 21
Info (10041): Inferred latch for "read_data[23]" at memory_block.v(21) File: C:/Users/aydin/OneDrive/Desktop/MIPS_processor_32bits/memory_block.v Line: 21
Info (10041): Inferred latch for "read_data[24]" at memory_block.v(21) File: C:/Users/aydin/OneDrive/Desktop/MIPS_processor_32bits/memory_block.v Line: 21
Info (10041): Inferred latch for "read_data[25]" at memory_block.v(21) File: C:/Users/aydin/OneDrive/Desktop/MIPS_processor_32bits/memory_block.v Line: 21
Info (10041): Inferred latch for "read_data[26]" at memory_block.v(21) File: C:/Users/aydin/OneDrive/Desktop/MIPS_processor_32bits/memory_block.v Line: 21
Info (10041): Inferred latch for "read_data[27]" at memory_block.v(21) File: C:/Users/aydin/OneDrive/Desktop/MIPS_processor_32bits/memory_block.v Line: 21
Info (10041): Inferred latch for "read_data[28]" at memory_block.v(21) File: C:/Users/aydin/OneDrive/Desktop/MIPS_processor_32bits/memory_block.v Line: 21
Info (10041): Inferred latch for "read_data[29]" at memory_block.v(21) File: C:/Users/aydin/OneDrive/Desktop/MIPS_processor_32bits/memory_block.v Line: 21
Info (10041): Inferred latch for "read_data[30]" at memory_block.v(21) File: C:/Users/aydin/OneDrive/Desktop/MIPS_processor_32bits/memory_block.v Line: 21
Info (10041): Inferred latch for "read_data[31]" at memory_block.v(21) File: C:/Users/aydin/OneDrive/Desktop/MIPS_processor_32bits/memory_block.v Line: 21
Info (144001): Generated suppressed messages file C:/Users/aydin/OneDrive/Desktop/MIPS_processor_32bits/output_files/mips.map.smsg
Info (16010): Generating hard_block partition "hard_block:auto_generated_inst"
    Info (16011): Adding 0 node(s), including 0 DDIO, 0 PLL, 0 transceiver and 0 LCELL
Warning (21074): Design contains 1 input pin(s) that do not drive logic
    Warning (15610): No output dependent on input pin "clock" File: C:/Users/aydin/OneDrive/Desktop/MIPS_processor_32bits/mips.v Line: 3
Info (21057): Implemented 1 device resources after synthesis - the final resource count might be different
    Info (21058): Implemented 1 input pins
    Info (21059): Implemented 0 output pins
Info: Quartus Prime Analysis & Synthesis was successful. 0 errors, 57 warnings
    Info: Peak virtual memory: 4808 megabytes
    Info: Processing ended: Fri Jan 19 23:48:10 2024
    Info: Elapsed time: 00:00:14
    Info: Total CPU time (on all processors): 00:00:30


+------------------------------------------+
; Analysis & Synthesis Suppressed Messages ;
+------------------------------------------+
The suppressed messages can be found in C:/Users/aydin/OneDrive/Desktop/MIPS_processor_32bits/output_files/mips.map.smsg.


